2024-06-26 08:59:55,770 ERROR [reactor-http-nio-2] c.l.filter.GatewayGlobalFilter [GatewayGlobalFilter.java : 65] [鉴权异常处理]请求路径:/admin/page/info, 原因：token为空
2024-06-26 08:59:57,254 ERROR [reactor-http-nio-2] c.l.filter.GatewayGlobalFilter [GatewayGlobalFilter.java : 65] [鉴权异常处理]请求路径:/admin/page/info, 原因：token为空
2024-06-26 08:59:58,369 ERROR [reactor-http-nio-2] c.l.filter.GatewayGlobalFilter [GatewayGlobalFilter.java : 65] [鉴权异常处理]请求路径:/admin/page/info, 原因：token为空
2024-06-26 08:59:59,835 ERROR [reactor-http-nio-2] c.l.filter.GatewayGlobalFilter [GatewayGlobalFilter.java : 65] [鉴权异常处理]请求路径:/admin/page/info, 原因：token为空
2024-06-26 09:01:13,503 ERROR [reactor-http-nio-2] c.l.filter.GatewayGlobalFilter [GatewayGlobalFilter.java : 65] [鉴权异常处理]请求路径:/admin/page/info, 原因：token为空
2024-06-26 09:01:14,419 ERROR [reactor-http-nio-2] c.l.filter.GatewayGlobalFilter [GatewayGlobalFilter.java : 65] [鉴权异常处理]请求路径:/admin/page/info, 原因：token为空
2024-06-26 09:01:15,194 ERROR [reactor-http-nio-2] c.l.filter.GatewayGlobalFilter [GatewayGlobalFilter.java : 65] [鉴权异常处理]请求路径:/admin/page/info, 原因：token为空
2024-06-26 09:01:21,184 ERROR [reactor-http-nio-2] c.l.filter.GatewayGlobalFilter [GatewayGlobalFilter.java : 65] [鉴权异常处理]请求路径:/admin/page/info, 原因：token为空
2024-06-26 09:01:22,003 ERROR [reactor-http-nio-2] c.l.filter.GatewayGlobalFilter [GatewayGlobalFilter.java : 65] [鉴权异常处理]请求路径:/admin/page/info, 原因：token为空
2024-06-26 09:01:26,631 ERROR [reactor-http-nio-2] c.l.filter.GatewayGlobalFilter [GatewayGlobalFilter.java : 65] [鉴权异常处理]请求路径:/admin/page/info, 原因：token为空
2024-06-26 09:07:21,887 ERROR [reactor-http-nio-2] c.l.filter.GatewayGlobalFilter [GatewayGlobalFilter.java : 67] [鉴权异常处理]请求路径:/admin/page/info, 原因：登录会话无效
2024-06-26 09:07:24,129 ERROR [reactor-http-nio-2] c.l.filter.GatewayGlobalFilter [GatewayGlobalFilter.java : 67] [鉴权异常处理]请求路径:/admin/page/info, 原因：登录会话无效
2024-06-26 09:08:54,328 ERROR [reactor-http-nio-2] c.l.filter.GatewayGlobalFilter [GatewayGlobalFilter.java : 67] [鉴权异常处理]请求路径:/admin/page/info, 原因：登录会话无效
2024-06-26 09:08:55,752 ERROR [reactor-http-nio-2] c.l.filter.GatewayGlobalFilter [GatewayGlobalFilter.java : 67] [鉴权异常处理]请求路径:/admin/page/info, 原因：登录会话无效
2024-06-26 09:08:57,431 ERROR [reactor-http-nio-2] c.l.filter.GatewayGlobalFilter [GatewayGlobalFilter.java : 67] [鉴权异常处理]请求路径:/admin/page/info, 原因：登录会话无效
2024-06-26 09:11:24,324 ERROR [reactor-http-nio-2] c.l.filter.GatewayGlobalFilter [GatewayGlobalFilter.java : 70] [鉴权异常处理]请求路径:/admin/page/info, 原因：登录会话无效
2024-06-26 09:11:32,107 ERROR [reactor-http-nio-2] c.l.handler.GatewayExceptionHandler [GatewayExceptionHandler.java : 70] [网关异常处理]请求路径:/admin/page/info,异常信息:登录会话无效
2024-06-26 09:11:33,439 ERROR [reactor-http-nio-2] c.l.handler.GatewayExceptionHandler [GatewayExceptionHandler.java : 70] [网关异常处理]请求路径:/admin/page/info,异常信息:登录会话无效
2024-06-26 09:28:27,967 ERROR [reactor-http-nio-2] c.l.filter.GatewayGlobalFilter [GatewayGlobalFilter.java : 78] [鉴权异常处理]请求路径:/admin/page/info, 原因：登录会话无效
2024-06-26 09:28:29,606 ERROR [reactor-http-nio-2] c.l.filter.GatewayGlobalFilter [GatewayGlobalFilter.java : 78] [鉴权异常处理]请求路径:/admin/page/info, 原因：登录会话无效
2024-06-26 09:28:30,869 ERROR [reactor-http-nio-2] c.l.filter.GatewayGlobalFilter [GatewayGlobalFilter.java : 78] [鉴权异常处理]请求路径:/admin/page/info, 原因：登录会话无效
2024-06-26 09:28:31,685 ERROR [reactor-http-nio-2] c.l.filter.GatewayGlobalFilter [GatewayGlobalFilter.java : 78] [鉴权异常处理]请求路径:/admin/page/info, 原因：登录会话无效
2024-06-26 09:43:33,432 ERROR [reactor-http-nio-2] c.liyangit.filter.GatewayAuthFilter [GatewayAuthFilter.java : 81] [鉴权异常处理]请求路径:/admin/page/info, 原因：登录会话无效
2024-06-26 09:44:52,313 ERROR [reactor-http-nio-2] c.l.handler.GatewayExceptionHandler [GatewayExceptionHandler.java : 70] [网关异常处理]请求路径:/admin/page/loginStatus,异常信息:503 SERVICE_UNAVAILABLE "Unable to find instance for Blog-Admin"
2024-06-26 09:44:53,039 ERROR [reactor-http-nio-2] c.l.handler.GatewayExceptionHandler [GatewayExceptionHandler.java : 70] [网关异常处理]请求路径:/admin/page/loginStatus,异常信息:503 SERVICE_UNAVAILABLE "Unable to find instance for Blog-Admin"
2024-06-26 09:44:54,109 ERROR [reactor-http-nio-2] c.l.handler.GatewayExceptionHandler [GatewayExceptionHandler.java : 70] [网关异常处理]请求路径:/admin/page/loginStatus,异常信息:503 SERVICE_UNAVAILABLE "Unable to find instance for Blog-Admin"
2024-06-26 09:55:42,861 ERROR [reactor-http-nio-2] c.l.handler.GatewayExceptionHandler [GatewayExceptionHandler.java : 58] ************ 网关异常处理，请求路径:/admin/page/loginStatus,异常信息:connection timed out: /192.168.137.1:7070 ************ 
2024-06-26 09:55:45,488 ERROR [reactor-http-nio-2] c.l.handler.GatewayExceptionHandler [GatewayExceptionHandler.java : 58] ************ 网关异常处理，请求路径:/admin/page/loginStatus,异常信息:connection timed out: /192.168.137.1:7070 ************ 
2024-06-26 09:55:47,627 ERROR [reactor-http-nio-2] c.l.handler.GatewayExceptionHandler [GatewayExceptionHandler.java : 58] ************ 网关异常处理，请求路径:/admin/page/loginStatus,异常信息:connection timed out: /192.168.137.1:7070 ************ 
2024-06-26 09:55:49,655 ERROR [reactor-http-nio-2] c.l.handler.GatewayExceptionHandler [GatewayExceptionHandler.java : 58] ************ 网关异常处理，请求路径:/admin/page/loginStatus,异常信息:connection timed out: /192.168.137.1:7070 ************ 
2024-06-26 09:55:51,947 ERROR [reactor-http-nio-2] c.l.handler.GatewayExceptionHandler [GatewayExceptionHandler.java : 58] ************ 网关异常处理，请求路径:/admin/page/loginStatus,异常信息:connection timed out: /192.168.137.1:7070 ************ 
2024-06-26 09:55:53,949 ERROR [reactor-http-nio-2] c.l.handler.GatewayExceptionHandler [GatewayExceptionHandler.java : 58] ************ 网关异常处理，请求路径:/admin/page/loginStatus,异常信息:connection timed out: /192.168.137.1:7070 ************ 
2024-06-26 09:56:28,963 ERROR [reactor-http-nio-2] c.l.handler.GatewayExceptionHandler [GatewayExceptionHandler.java : 58] ************ 网关异常处理，请求路径:/admin/page/loginStatus,异常信息:503 SERVICE_UNAVAILABLE "Unable to find instance for Blog-Admin" ************ 
2024-06-26 09:56:30,043 ERROR [reactor-http-nio-2] c.l.handler.GatewayExceptionHandler [GatewayExceptionHandler.java : 58] ************ 网关异常处理，请求路径:/admin/page/loginStatus,异常信息:503 SERVICE_UNAVAILABLE "Unable to find instance for Blog-Admin" ************ 
2024-06-26 09:56:31,273 ERROR [reactor-http-nio-2] c.l.handler.GatewayExceptionHandler [GatewayExceptionHandler.java : 58] ************ 网关异常处理，请求路径:/admin/page/loginStatus,异常信息:503 SERVICE_UNAVAILABLE "Unable to find instance for Blog-Admin" ************ 
2024-06-26 09:56:32,296 ERROR [reactor-http-nio-2] c.l.handler.GatewayExceptionHandler [GatewayExceptionHandler.java : 58] ************ 网关异常处理，请求路径:/admin/page/loginStatus,异常信息:503 SERVICE_UNAVAILABLE "Unable to find instance for Blog-Admin" ************ 
2024-06-26 09:56:33,180 ERROR [reactor-http-nio-2] c.l.handler.GatewayExceptionHandler [GatewayExceptionHandler.java : 58] ************ 网关异常处理，请求路径:/admin/page/loginStatus,异常信息:503 SERVICE_UNAVAILABLE "Unable to find instance for Blog-Admin" ************ 
2024-06-26 09:56:34,069 ERROR [reactor-http-nio-2] c.l.handler.GatewayExceptionHandler [GatewayExceptionHandler.java : 58] ************ 网关异常处理，请求路径:/admin/page/loginStatus,异常信息:503 SERVICE_UNAVAILABLE "Unable to find instance for Blog-Admin" ************ 
2024-06-26 09:56:34,974 ERROR [reactor-http-nio-2] c.l.handler.GatewayExceptionHandler [GatewayExceptionHandler.java : 58] ************ 网关异常处理，请求路径:/admin/page/loginStatus,异常信息:503 SERVICE_UNAVAILABLE "Unable to find instance for Blog-Admin" ************ 
2024-06-26 09:56:36,069 ERROR [reactor-http-nio-2] c.l.handler.GatewayExceptionHandler [GatewayExceptionHandler.java : 58] ************ 网关异常处理，请求路径:/admin/page/loginStatus,异常信息:503 SERVICE_UNAVAILABLE "Unable to find instance for Blog-Admin" ************ 
2024-06-26 09:56:36,885 ERROR [reactor-http-nio-2] c.l.handler.GatewayExceptionHandler [GatewayExceptionHandler.java : 58] ************ 网关异常处理，请求路径:/admin/page/loginStatus,异常信息:503 SERVICE_UNAVAILABLE "Unable to find instance for Blog-Admin" ************ 
2024-06-26 09:56:37,756 ERROR [reactor-http-nio-2] c.l.handler.GatewayExceptionHandler [GatewayExceptionHandler.java : 58] ************ 网关异常处理，请求路径:/admin/page/loginStatus,异常信息:503 SERVICE_UNAVAILABLE "Unable to find instance for Blog-Admin" ************ 
2024-06-26 09:56:38,560 ERROR [reactor-http-nio-2] c.l.handler.GatewayExceptionHandler [GatewayExceptionHandler.java : 58] ************ 网关异常处理，请求路径:/admin/page/loginStatus,异常信息:503 SERVICE_UNAVAILABLE "Unable to find instance for Blog-Admin" ************ 
2024-06-26 09:56:39,432 ERROR [reactor-http-nio-2] c.l.handler.GatewayExceptionHandler [GatewayExceptionHandler.java : 58] ************ 网关异常处理，请求路径:/admin/page/loginStatus,异常信息:503 SERVICE_UNAVAILABLE "Unable to find instance for Blog-Admin" ************ 
2024-06-26 10:13:19,165 ERROR [reactor-http-nio-2] c.liyangit.filter.GatewayAuthFilter [GatewayAuthFilter.java : 87] [鉴权异常处理]请求路径:/admin/page/loginStatus, 原因：登录会话无效
2024-06-26 10:13:20,351 ERROR [reactor-http-nio-2] c.liyangit.filter.GatewayAuthFilter [GatewayAuthFilter.java : 87] [鉴权异常处理]请求路径:/admin/page/loginStatus, 原因：登录会话无效
2024-06-26 10:13:21,333 ERROR [reactor-http-nio-2] c.liyangit.filter.GatewayAuthFilter [GatewayAuthFilter.java : 87] [鉴权异常处理]请求路径:/admin/page/loginStatus, 原因：登录会话无效
2024-06-26 10:13:37,092 ERROR [reactor-http-nio-2] c.liyangit.filter.GatewayAuthFilter [GatewayAuthFilter.java : 87] [鉴权异常处理]请求路径:/admin/page/loginStatus, 原因：登录会话无效
2024-06-26 10:13:58,185 ERROR [reactor-http-nio-2] c.liyangit.filter.GatewayAuthFilter [GatewayAuthFilter.java : 87] [鉴权异常处理]请求路径:/admin/page/loginStatus, 原因：登录会话无效
2024-06-26 10:13:59,406 ERROR [reactor-http-nio-2] c.liyangit.filter.GatewayAuthFilter [GatewayAuthFilter.java : 87] [鉴权异常处理]请求路径:/admin/page/loginStatus, 原因：登录会话无效
2024-06-26 10:14:00,303 ERROR [reactor-http-nio-2] c.liyangit.filter.GatewayAuthFilter [GatewayAuthFilter.java : 87] [鉴权异常处理]请求路径:/admin/page/loginStatus, 原因：登录会话无效
2024-06-26 10:14:01,202 ERROR [reactor-http-nio-2] c.liyangit.filter.GatewayAuthFilter [GatewayAuthFilter.java : 87] [鉴权异常处理]请求路径:/admin/page/loginStatus, 原因：登录会话无效
2024-06-26 10:14:19,360 ERROR [reactor-http-nio-2] c.liyangit.filter.GatewayAuthFilter [GatewayAuthFilter.java : 87] [鉴权异常处理]请求路径:/admin/page/loginStatus, 原因：登录会话无效
2024-06-26 10:14:27,867 ERROR [reactor-http-nio-2] c.liyangit.filter.GatewayAuthFilter [GatewayAuthFilter.java : 87] [鉴权异常处理]请求路径:/admin/page/loginStatus, 原因：登录会话无效
2024-06-26 10:15:04,393 ERROR [reactor-http-nio-2] c.liyangit.filter.GatewayAuthFilter [GatewayAuthFilter.java : 87] [鉴权异常处理]请求路径:/admin/page/loginStatus, 原因：登录会话无效
2024-06-26 10:16:12,337 ERROR [reactor-http-nio-2] c.liyangit.filter.GatewayAuthFilter [GatewayAuthFilter.java : 87] [鉴权异常处理]请求路径:/admin/page/loginStatus, 原因：登录会话无效
2024-06-26 10:16:39,193 ERROR [reactor-http-nio-2] c.liyangit.filter.GatewayAuthFilter [GatewayAuthFilter.java : 87] [鉴权异常处理]请求路径:/admin/page/loginStatus, 原因：登录会话无效
2024-06-26 10:16:49,103 ERROR [reactor-http-nio-2] c.liyangit.filter.GatewayAuthFilter [GatewayAuthFilter.java : 87] [鉴权异常处理]请求路径:/admin/page/loginStatus, 原因：登录会话无效
2024-06-26 10:17:03,127 ERROR [SpringContextShutdownHook] c.n.d.s.t.d.RedirectingEurekaHttpClient [RedirectingEurekaHttpClient.java : 91] Request execution error. endpoint=DefaultEndpoint{ serviceUrl='http://localhost:8761/eureka/}
com.sun.jersey.api.client.ClientHandlerException: java.net.ConnectException: Connection refused: connect
	at com.sun.jersey.client.apache4.ApacheHttpClient4Handler.handle(ApacheHttpClient4Handler.java:187)
	at com.sun.jersey.api.client.filter.GZIPContentEncodingFilter.handle(GZIPContentEncodingFilter.java:123)
	at com.netflix.discovery.EurekaIdentityHeaderFilter.handle(EurekaIdentityHeaderFilter.java:27)
	at com.sun.jersey.api.client.Client.handle(Client.java:652)
	at com.sun.jersey.api.client.WebResource.handle(WebResource.java:682)
	at com.sun.jersey.api.client.WebResource.access$200(WebResource.java:74)
	at com.sun.jersey.api.client.WebResource$Builder.delete(WebResource.java:591)
	at com.netflix.discovery.shared.transport.jersey.AbstractJerseyEurekaHttpClient.cancel(AbstractJerseyEurekaHttpClient.java:77)
	at com.netflix.discovery.shared.transport.decorator.EurekaHttpClientDecorator$2.execute(EurekaHttpClientDecorator.java:74)
	at com.netflix.discovery.shared.transport.decorator.MetricsCollectingEurekaHttpClient.execute(MetricsCollectingEurekaHttpClient.java:73)
	at com.netflix.discovery.shared.transport.decorator.EurekaHttpClientDecorator.cancel(EurekaHttpClientDecorator.java:71)
	at com.netflix.discovery.shared.transport.decorator.EurekaHttpClientDecorator$2.execute(EurekaHttpClientDecorator.java:74)
	at com.netflix.discovery.shared.transport.decorator.RedirectingEurekaHttpClient.execute(RedirectingEurekaHttpClient.java:89)
	at com.netflix.discovery.shared.transport.decorator.EurekaHttpClientDecorator.cancel(EurekaHttpClientDecorator.java:71)
	at com.netflix.discovery.shared.transport.decorator.EurekaHttpClientDecorator$2.execute(EurekaHttpClientDecorator.java:74)
	at com.netflix.discovery.shared.transport.decorator.RetryableEurekaHttpClient.execute(RetryableEurekaHttpClient.java:120)
	at com.netflix.discovery.shared.transport.decorator.EurekaHttpClientDecorator.cancel(EurekaHttpClientDecorator.java:71)
	at com.netflix.discovery.shared.transport.decorator.EurekaHttpClientDecorator$2.execute(EurekaHttpClientDecorator.java:74)
	at com.netflix.discovery.shared.transport.decorator.SessionedEurekaHttpClient.execute(SessionedEurekaHttpClient.java:77)
	at com.netflix.discovery.shared.transport.decorator.EurekaHttpClientDecorator.cancel(EurekaHttpClientDecorator.java:71)
	at com.netflix.discovery.DiscoveryClient.unregister(DiscoveryClient.java:969)
	at com.netflix.discovery.DiscoveryClient.shutdown(DiscoveryClient.java:945)
	at sun.reflect.NativeMethodAccessorImpl.invoke0(Native Method)
	at sun.reflect.NativeMethodAccessorImpl.invoke(NativeMethodAccessorImpl.java:62)
	at sun.reflect.DelegatingMethodAccessorImpl.invoke(DelegatingMethodAccessorImpl.java:43)
	at java.lang.reflect.Method.invoke(Method.java:498)
	at org.springframework.beans.factory.annotation.InitDestroyAnnotationBeanPostProcessor$LifecycleElement.invoke(InitDestroyAnnotationBeanPostProcessor.java:389)
	at org.springframework.beans.factory.annotation.InitDestroyAnnotationBeanPostProcessor$LifecycleMetadata.invokeDestroyMethods(InitDestroyAnnotationBeanPostProcessor.java:347)
	at org.springframework.beans.factory.annotation.InitDestroyAnnotationBeanPostProcessor.postProcessBeforeDestruction(InitDestroyAnnotationBeanPostProcessor.java:177)
	at org.springframework.beans.factory.support.DisposableBeanAdapter.destroy(DisposableBeanAdapter.java:242)
	at org.springframework.beans.factory.support.DisposableBeanAdapter.run(DisposableBeanAdapter.java:235)
	at org.springframework.cloud.context.scope.GenericScope$BeanLifecycleWrapper.destroy(GenericScope.java:403)
	at org.springframework.cloud.context.scope.GenericScope.destroy(GenericScope.java:142)
	at org.springframework.beans.factory.support.DisposableBeanAdapter.destroy(DisposableBeanAdapter.java:258)
	at org.springframework.beans.factory.support.DefaultSingletonBeanRegistry.destroyBean(DefaultSingletonBeanRegistry.java:579)
	at org.springframework.beans.factory.support.DefaultSingletonBeanRegistry.destroySingleton(DefaultSingletonBeanRegistry.java:551)
	at org.springframework.beans.factory.support.DefaultListableBeanFactory.destroySingleton(DefaultListableBeanFactory.java:1091)
	at org.springframework.beans.factory.support.DefaultSingletonBeanRegistry.destroySingletons(DefaultSingletonBeanRegistry.java:512)
	at org.springframework.beans.factory.support.DefaultListableBeanFactory.destroySingletons(DefaultListableBeanFactory.java:1084)
	at org.springframework.context.support.AbstractApplicationContext.destroyBeans(AbstractApplicationContext.java:1060)
	at org.springframework.context.support.AbstractApplicationContext.doClose(AbstractApplicationContext.java:1029)
	at org.springframework.context.support.AbstractApplicationContext$1.run(AbstractApplicationContext.java:948)
Caused by: java.net.ConnectException: Connection refused: connect
	at java.net.DualStackPlainSocketImpl.waitForConnect(Native Method)
	at java.net.DualStackPlainSocketImpl.socketConnect(DualStackPlainSocketImpl.java:85)
	at java.net.AbstractPlainSocketImpl.doConnect(AbstractPlainSocketImpl.java:350)
	at java.net.AbstractPlainSocketImpl.connectToAddress(AbstractPlainSocketImpl.java:206)
	at java.net.AbstractPlainSocketImpl.connect(AbstractPlainSocketImpl.java:188)
	at java.net.PlainSocketImpl.connect(PlainSocketImpl.java:172)
	at java.net.SocksSocketImpl.connect(SocksSocketImpl.java:392)
	at java.net.Socket.connect(Socket.java:589)
	at org.apache.http.conn.scheme.PlainSocketFactory.connectSocket(PlainSocketFactory.java:121)
	at org.apache.http.impl.conn.DefaultClientConnectionOperator.openConnection(DefaultClientConnectionOperator.java:180)
	at org.apache.http.impl.conn.AbstractPoolEntry.open(AbstractPoolEntry.java:144)
	at org.apache.http.impl.conn.AbstractPooledConnAdapter.open(AbstractPooledConnAdapter.java:134)
	at org.apache.http.impl.client.DefaultRequestDirector.tryConnect(DefaultRequestDirector.java:605)
	at org.apache.http.impl.client.DefaultRequestDirector.execute(DefaultRequestDirector.java:440)
	at org.apache.http.impl.client.AbstractHttpClient.doExecute(AbstractHttpClient.java:835)
	at org.apache.http.impl.client.CloseableHttpClient.execute(CloseableHttpClient.java:118)
	at org.apache.http.impl.client.CloseableHttpClient.execute(CloseableHttpClient.java:56)
	at com.sun.jersey.client.apache4.ApacheHttpClient4Handler.handle(ApacheHttpClient4Handler.java:173)
	... 41 common frames omitted
2024-06-26 10:17:07,217 ERROR [SpringContextShutdownHook] c.n.d.s.t.d.RedirectingEurekaHttpClient [RedirectingEurekaHttpClient.java : 83] Request execution error. endpoint=DefaultEndpoint{ serviceUrl='http://localhost:8761/eureka/}
com.sun.jersey.api.client.ClientHandlerException: java.net.ConnectException: Connection refused: connect
	at com.sun.jersey.client.apache4.ApacheHttpClient4Handler.handle(ApacheHttpClient4Handler.java:187)
	at com.sun.jersey.api.client.filter.GZIPContentEncodingFilter.handle(GZIPContentEncodingFilter.java:123)
	at com.netflix.discovery.EurekaIdentityHeaderFilter.handle(EurekaIdentityHeaderFilter.java:27)
	at com.sun.jersey.api.client.Client.handle(Client.java:652)
	at com.sun.jersey.api.client.WebResource.handle(WebResource.java:682)
	at com.sun.jersey.api.client.WebResource.access$200(WebResource.java:74)
	at com.sun.jersey.api.client.WebResource$Builder.delete(WebResource.java:591)
	at com.netflix.discovery.shared.transport.jersey.AbstractJerseyEurekaHttpClient.cancel(AbstractJerseyEurekaHttpClient.java:77)
	at com.netflix.discovery.shared.transport.decorator.EurekaHttpClientDecorator$2.execute(EurekaHttpClientDecorator.java:74)
	at com.netflix.discovery.shared.transport.decorator.MetricsCollectingEurekaHttpClient.execute(MetricsCollectingEurekaHttpClient.java:73)
	at com.netflix.discovery.shared.transport.decorator.EurekaHttpClientDecorator.cancel(EurekaHttpClientDecorator.java:71)
	at com.netflix.discovery.shared.transport.decorator.EurekaHttpClientDecorator$2.execute(EurekaHttpClientDecorator.java:74)
	at com.netflix.discovery.shared.transport.decorator.RedirectingEurekaHttpClient.executeOnNewServer(RedirectingEurekaHttpClient.java:118)
	at com.netflix.discovery.shared.transport.decorator.RedirectingEurekaHttpClient.execute(RedirectingEurekaHttpClient.java:79)
	at com.netflix.discovery.shared.transport.decorator.EurekaHttpClientDecorator.cancel(EurekaHttpClientDecorator.java:71)
	at com.netflix.discovery.shared.transport.decorator.EurekaHttpClientDecorator$2.execute(EurekaHttpClientDecorator.java:74)
	at com.netflix.discovery.shared.transport.decorator.RetryableEurekaHttpClient.execute(RetryableEurekaHttpClient.java:120)
	at com.netflix.discovery.shared.transport.decorator.EurekaHttpClientDecorator.cancel(EurekaHttpClientDecorator.java:71)
	at com.netflix.discovery.shared.transport.decorator.EurekaHttpClientDecorator$2.execute(EurekaHttpClientDecorator.java:74)
	at com.netflix.discovery.shared.transport.decorator.SessionedEurekaHttpClient.execute(SessionedEurekaHttpClient.java:77)
	at com.netflix.discovery.shared.transport.decorator.EurekaHttpClientDecorator.cancel(EurekaHttpClientDecorator.java:71)
	at com.netflix.discovery.DiscoveryClient.unregister(DiscoveryClient.java:969)
	at com.netflix.discovery.DiscoveryClient.shutdown(DiscoveryClient.java:945)
	at sun.reflect.NativeMethodAccessorImpl.invoke0(Native Method)
	at sun.reflect.NativeMethodAccessorImpl.invoke(NativeMethodAccessorImpl.java:62)
	at sun.reflect.DelegatingMethodAccessorImpl.invoke(DelegatingMethodAccessorImpl.java:43)
	at java.lang.reflect.Method.invoke(Method.java:498)
	at org.springframework.beans.factory.annotation.InitDestroyAnnotationBeanPostProcessor$LifecycleElement.invoke(InitDestroyAnnotationBeanPostProcessor.java:389)
	at org.springframework.beans.factory.annotation.InitDestroyAnnotationBeanPostProcessor$LifecycleMetadata.invokeDestroyMethods(InitDestroyAnnotationBeanPostProcessor.java:347)
	at org.springframework.beans.factory.annotation.InitDestroyAnnotationBeanPostProcessor.postProcessBeforeDestruction(InitDestroyAnnotationBeanPostProcessor.java:177)
	at org.springframework.beans.factory.support.DisposableBeanAdapter.destroy(DisposableBeanAdapter.java:242)
	at org.springframework.beans.factory.support.DisposableBeanAdapter.run(DisposableBeanAdapter.java:235)
	at org.springframework.cloud.context.scope.GenericScope$BeanLifecycleWrapper.destroy(GenericScope.java:403)
	at org.springframework.cloud.context.scope.GenericScope.destroy(GenericScope.java:142)
	at org.springframework.beans.factory.support.DisposableBeanAdapter.destroy(DisposableBeanAdapter.java:258)
	at org.springframework.beans.factory.support.DefaultSingletonBeanRegistry.destroyBean(DefaultSingletonBeanRegistry.java:579)
	at org.springframework.beans.factory.support.DefaultSingletonBeanRegistry.destroySingleton(DefaultSingletonBeanRegistry.java:551)
	at org.springframework.beans.factory.support.DefaultListableBeanFactory.destroySingleton(DefaultListableBeanFactory.java:1091)
	at org.springframework.beans.factory.support.DefaultSingletonBeanRegistry.destroySingletons(DefaultSingletonBeanRegistry.java:512)
	at org.springframework.beans.factory.support.DefaultListableBeanFactory.destroySingletons(DefaultListableBeanFactory.java:1084)
	at org.springframework.context.support.AbstractApplicationContext.destroyBeans(AbstractApplicationContext.java:1060)
	at org.springframework.context.support.AbstractApplicationContext.doClose(AbstractApplicationContext.java:1029)
	at org.springframework.context.support.AbstractApplicationContext$1.run(AbstractApplicationContext.java:948)
Caused by: java.net.ConnectException: Connection refused: connect
	at java.net.DualStackPlainSocketImpl.waitForConnect(Native Method)
	at java.net.DualStackPlainSocketImpl.socketConnect(DualStackPlainSocketImpl.java:85)
	at java.net.AbstractPlainSocketImpl.doConnect(AbstractPlainSocketImpl.java:350)
	at java.net.AbstractPlainSocketImpl.connectToAddress(AbstractPlainSocketImpl.java:206)
	at java.net.AbstractPlainSocketImpl.connect(AbstractPlainSocketImpl.java:188)
	at java.net.PlainSocketImpl.connect(PlainSocketImpl.java:172)
	at java.net.SocksSocketImpl.connect(SocksSocketImpl.java:392)
	at java.net.Socket.connect(Socket.java:589)
	at org.apache.http.conn.scheme.PlainSocketFactory.connectSocket(PlainSocketFactory.java:121)
	at org.apache.http.impl.conn.DefaultClientConnectionOperator.openConnection(DefaultClientConnectionOperator.java:180)
	at org.apache.http.impl.conn.AbstractPoolEntry.open(AbstractPoolEntry.java:144)
	at org.apache.http.impl.conn.AbstractPooledConnAdapter.open(AbstractPooledConnAdapter.java:134)
	at org.apache.http.impl.client.DefaultRequestDirector.tryConnect(DefaultRequestDirector.java:605)
	at org.apache.http.impl.client.DefaultRequestDirector.execute(DefaultRequestDirector.java:440)
	at org.apache.http.impl.client.AbstractHttpClient.doExecute(AbstractHttpClient.java:835)
	at org.apache.http.impl.client.CloseableHttpClient.execute(CloseableHttpClient.java:118)
	at org.apache.http.impl.client.CloseableHttpClient.execute(CloseableHttpClient.java:56)
	at com.sun.jersey.client.apache4.ApacheHttpClient4Handler.handle(ApacheHttpClient4Handler.java:173)
	... 42 common frames omitted
2024-06-26 10:17:07,218 ERROR [SpringContextShutdownHook] c.netflix.discovery.DiscoveryClient [DiscoveryClient.java : 972] DiscoveryClient_BLOG-GATEWAY/blogGateway - de-registration failedCannot execute request on any known server
com.netflix.discovery.shared.transport.TransportException: Cannot execute request on any known server
	at com.netflix.discovery.shared.transport.decorator.RetryableEurekaHttpClient.execute(RetryableEurekaHttpClient.java:112)
	at com.netflix.discovery.shared.transport.decorator.EurekaHttpClientDecorator.cancel(EurekaHttpClientDecorator.java:71)
	at com.netflix.discovery.shared.transport.decorator.EurekaHttpClientDecorator$2.execute(EurekaHttpClientDecorator.java:74)
	at com.netflix.discovery.shared.transport.decorator.SessionedEurekaHttpClient.execute(SessionedEurekaHttpClient.java:77)
	at com.netflix.discovery.shared.transport.decorator.EurekaHttpClientDecorator.cancel(EurekaHttpClientDecorator.java:71)
	at com.netflix.discovery.DiscoveryClient.unregister(DiscoveryClient.java:969)
	at com.netflix.discovery.DiscoveryClient.shutdown(DiscoveryClient.java:945)
	at sun.reflect.NativeMethodAccessorImpl.invoke0(Native Method)
	at sun.reflect.NativeMethodAccessorImpl.invoke(NativeMethodAccessorImpl.java:62)
	at sun.reflect.DelegatingMethodAccessorImpl.invoke(DelegatingMethodAccessorImpl.java:43)
	at java.lang.reflect.Method.invoke(Method.java:498)
	at org.springframework.beans.factory.annotation.InitDestroyAnnotationBeanPostProcessor$LifecycleElement.invoke(InitDestroyAnnotationBeanPostProcessor.java:389)
	at org.springframework.beans.factory.annotation.InitDestroyAnnotationBeanPostProcessor$LifecycleMetadata.invokeDestroyMethods(InitDestroyAnnotationBeanPostProcessor.java:347)
	at org.springframework.beans.factory.annotation.InitDestroyAnnotationBeanPostProcessor.postProcessBeforeDestruction(InitDestroyAnnotationBeanPostProcessor.java:177)
	at org.springframework.beans.factory.support.DisposableBeanAdapter.destroy(DisposableBeanAdapter.java:242)
	at org.springframework.beans.factory.support.DisposableBeanAdapter.run(DisposableBeanAdapter.java:235)
	at org.springframework.cloud.context.scope.GenericScope$BeanLifecycleWrapper.destroy(GenericScope.java:403)
	at org.springframework.cloud.context.scope.GenericScope.destroy(GenericScope.java:142)
	at org.springframework.beans.factory.support.DisposableBeanAdapter.destroy(DisposableBeanAdapter.java:258)
	at org.springframework.beans.factory.support.DefaultSingletonBeanRegistry.destroyBean(DefaultSingletonBeanRegistry.java:579)
	at org.springframework.beans.factory.support.DefaultSingletonBeanRegistry.destroySingleton(DefaultSingletonBeanRegistry.java:551)
	at org.springframework.beans.factory.support.DefaultListableBeanFactory.destroySingleton(DefaultListableBeanFactory.java:1091)
	at org.springframework.beans.factory.support.DefaultSingletonBeanRegistry.destroySingletons(DefaultSingletonBeanRegistry.java:512)
	at org.springframework.beans.factory.support.DefaultListableBeanFactory.destroySingletons(DefaultListableBeanFactory.java:1084)
	at org.springframework.context.support.AbstractApplicationContext.destroyBeans(AbstractApplicationContext.java:1060)
	at org.springframework.context.support.AbstractApplicationContext.doClose(AbstractApplicationContext.java:1029)
	at org.springframework.context.support.AbstractApplicationContext$1.run(AbstractApplicationContext.java:948)
2024-06-26 10:19:24,233 ERROR [reactor-http-nio-2] c.l.handler.GatewayExceptionHandler [GatewayExceptionHandler.java : 58] ************ 网关异常处理，请求路径:/admin/page/login,异常信息:503 SERVICE_UNAVAILABLE "Unable to find instance for Blog-Admin" ************ 
2024-06-26 10:19:27,405 ERROR [reactor-http-nio-2] c.l.handler.GatewayExceptionHandler [GatewayExceptionHandler.java : 58] ************ 网关异常处理，请求路径:/admin/page/login,异常信息:503 SERVICE_UNAVAILABLE "Unable to find instance for Blog-Admin" ************ 
2024-06-26 10:19:40,846 ERROR [reactor-http-nio-2] c.l.handler.GatewayExceptionHandler [GatewayExceptionHandler.java : 58] ************ 网关异常处理，请求路径:/admin/page/login,异常信息:503 SERVICE_UNAVAILABLE "Unable to find instance for Blog-Admin" ************ 
2024-06-26 10:19:41,932 ERROR [reactor-http-nio-2] c.l.handler.GatewayExceptionHandler [GatewayExceptionHandler.java : 58] ************ 网关异常处理，请求路径:/admin/page/login,异常信息:503 SERVICE_UNAVAILABLE "Unable to find instance for Blog-Admin" ************ 
2024-06-26 10:19:43,530 ERROR [reactor-http-nio-2] c.liyangit.filter.GatewayAuthFilter [GatewayAuthFilter.java : 87] [鉴权异常处理]请求路径:/admin/page/loginStatus, 原因：登录会话无效
2024-06-26 10:19:44,631 ERROR [reactor-http-nio-2] c.liyangit.filter.GatewayAuthFilter [GatewayAuthFilter.java : 87] [鉴权异常处理]请求路径:/admin/page/loginStatus, 原因：登录会话无效
2024-06-26 10:19:48,802 ERROR [reactor-http-nio-2] c.l.handler.GatewayExceptionHandler [GatewayExceptionHandler.java : 58] ************ 网关异常处理，请求路径:/admin/page/login,异常信息:503 SERVICE_UNAVAILABLE "Unable to find instance for Blog-Admin" ************ 
2024-06-26 10:19:50,068 ERROR [reactor-http-nio-2] c.l.handler.GatewayExceptionHandler [GatewayExceptionHandler.java : 58] ************ 网关异常处理，请求路径:/admin/page/login,异常信息:503 SERVICE_UNAVAILABLE "Unable to find instance for Blog-Admin" ************ 
2024-06-26 10:19:52,338 ERROR [reactor-http-nio-2] c.liyangit.filter.GatewayAuthFilter [GatewayAuthFilter.java : 87] [鉴权异常处理]请求路径:/admin/page/loginStatus, 原因：登录会话无效
2024-06-26 10:19:53,294 ERROR [reactor-http-nio-2] c.liyangit.filter.GatewayAuthFilter [GatewayAuthFilter.java : 87] [鉴权异常处理]请求路径:/admin/page/loginStatus, 原因：登录会话无效
2024-06-26 10:49:49,940 ERROR [reactor-http-nio-2] c.liyangit.filter.GatewayAuthFilter [GatewayAuthFilter.java : 87] [鉴权异常处理]请求路径:/admin/admin/pageQuery, 原因：登录会话无效
2024-06-26 10:49:51,690 ERROR [reactor-http-nio-2] c.liyangit.filter.GatewayAuthFilter [GatewayAuthFilter.java : 87] [鉴权异常处理]请求路径:/admin/admin/pageQuery, 原因：登录会话无效
2024-06-26 11:00:10,810 ERROR [reactor-http-nio-2] c.l.handler.GatewayExceptionHandler [GatewayExceptionHandler.java : 58] ************ 网关异常处理，请求路径:/admin/admin/insertAdmin,异常信息:503 SERVICE_UNAVAILABLE "Unable to find instance for Blog-Admin" ************ 
2024-06-26 11:00:12,673 ERROR [reactor-http-nio-2] c.l.handler.GatewayExceptionHandler [GatewayExceptionHandler.java : 58] ************ 网关异常处理，请求路径:/admin/admin/insertAdmin,异常信息:503 SERVICE_UNAVAILABLE "Unable to find instance for Blog-Admin" ************ 
2024-06-26 11:07:10,854 ERROR [reactor-http-nio-2] c.l.handler.GatewayExceptionHandler [GatewayExceptionHandler.java : 58] ************ 网关异常处理，请求路径:/admin/admin/insertAdmin,异常信息:503 SERVICE_UNAVAILABLE "Unable to find instance for Blog-Admin" ************ 
2024-06-26 11:07:12,155 ERROR [reactor-http-nio-2] c.l.handler.GatewayExceptionHandler [GatewayExceptionHandler.java : 58] ************ 网关异常处理，请求路径:/admin/admin/insertAdmin,异常信息:503 SERVICE_UNAVAILABLE "Unable to find instance for Blog-Admin" ************ 
2024-06-26 11:07:13,124 ERROR [reactor-http-nio-2] c.l.handler.GatewayExceptionHandler [GatewayExceptionHandler.java : 58] ************ 网关异常处理，请求路径:/admin/admin/insertAdmin,异常信息:503 SERVICE_UNAVAILABLE "Unable to find instance for Blog-Admin" ************ 
2024-06-26 11:07:16,411 ERROR [reactor-http-nio-2] c.l.handler.GatewayExceptionHandler [GatewayExceptionHandler.java : 58] ************ 网关异常处理，请求路径:/admin/admin/insertAdmin,异常信息:503 SERVICE_UNAVAILABLE "Unable to find instance for Blog-Admin" ************ 
2024-06-26 11:07:17,535 ERROR [reactor-http-nio-2] c.l.handler.GatewayExceptionHandler [GatewayExceptionHandler.java : 58] ************ 网关异常处理，请求路径:/admin/admin/insertAdmin,异常信息:503 SERVICE_UNAVAILABLE "Unable to find instance for Blog-Admin" ************ 
2024-06-26 11:07:18,493 ERROR [reactor-http-nio-2] c.l.handler.GatewayExceptionHandler [GatewayExceptionHandler.java : 58] ************ 网关异常处理，请求路径:/admin/admin/insertAdmin,异常信息:503 SERVICE_UNAVAILABLE "Unable to find instance for Blog-Admin" ************ 
2024-06-26 11:07:35,928 ERROR [reactor-http-nio-2] c.l.handler.GatewayExceptionHandler [GatewayExceptionHandler.java : 58] ************ 网关异常处理，请求路径:/admin/admin/insertAdmin,异常信息:503 SERVICE_UNAVAILABLE "Unable to find instance for Blog-Admin" ************ 
2024-06-26 11:07:37,173 ERROR [reactor-http-nio-2] c.l.handler.GatewayExceptionHandler [GatewayExceptionHandler.java : 58] ************ 网关异常处理，请求路径:/admin/admin/insertAdmin,异常信息:503 SERVICE_UNAVAILABLE "Unable to find instance for Blog-Admin" ************ 
2024-06-26 11:07:38,038 ERROR [reactor-http-nio-2] c.l.handler.GatewayExceptionHandler [GatewayExceptionHandler.java : 58] ************ 网关异常处理，请求路径:/admin/admin/insertAdmin,异常信息:503 SERVICE_UNAVAILABLE "Unable to find instance for Blog-Admin" ************ 
2024-06-26 11:07:42,880 ERROR [reactor-http-nio-2] c.l.handler.GatewayExceptionHandler [GatewayExceptionHandler.java : 58] ************ 网关异常处理，请求路径:/admin/page/login,异常信息:503 SERVICE_UNAVAILABLE "Unable to find instance for Blog-Admin" ************ 
2024-06-26 11:07:44,157 ERROR [reactor-http-nio-2] c.l.handler.GatewayExceptionHandler [GatewayExceptionHandler.java : 58] ************ 网关异常处理，请求路径:/admin/page/login,异常信息:503 SERVICE_UNAVAILABLE "Unable to find instance for Blog-Admin" ************ 
2024-06-26 11:07:45,248 ERROR [reactor-http-nio-2] c.l.handler.GatewayExceptionHandler [GatewayExceptionHandler.java : 58] ************ 网关异常处理，请求路径:/admin/page/login,异常信息:503 SERVICE_UNAVAILABLE "Unable to find instance for Blog-Admin" ************ 
2024-06-26 11:21:56,605 ERROR [reactor-http-nio-2] c.l.handler.GatewayExceptionHandler [GatewayExceptionHandler.java : 58] ************ 网关异常处理，请求路径:/admin/admin/insertAdmin,异常信息:503 SERVICE_UNAVAILABLE "Unable to find instance for Blog-Admin" ************ 
2024-06-26 11:21:58,913 ERROR [reactor-http-nio-2] c.l.handler.GatewayExceptionHandler [GatewayExceptionHandler.java : 58] ************ 网关异常处理，请求路径:/admin/admin/insertAdmin,异常信息:503 SERVICE_UNAVAILABLE "Unable to find instance for Blog-Admin" ************ 
2024-06-26 11:22:00,679 ERROR [reactor-http-nio-2] c.l.handler.GatewayExceptionHandler [GatewayExceptionHandler.java : 58] ************ 网关异常处理，请求路径:/admin/admin/insertAdmin,异常信息:503 SERVICE_UNAVAILABLE "Unable to find instance for Blog-Admin" ************ 
2024-06-26 11:22:02,064 ERROR [reactor-http-nio-2] c.l.handler.GatewayExceptionHandler [GatewayExceptionHandler.java : 58] ************ 网关异常处理，请求路径:/admin/admin/insertAdmin,异常信息:503 SERVICE_UNAVAILABLE "Unable to find instance for Blog-Admin" ************ 
2024-06-26 11:22:02,993 ERROR [reactor-http-nio-2] c.l.handler.GatewayExceptionHandler [GatewayExceptionHandler.java : 58] ************ 网关异常处理，请求路径:/admin/admin/insertAdmin,异常信息:503 SERVICE_UNAVAILABLE "Unable to find instance for Blog-Admin" ************ 
2024-06-26 11:22:03,920 ERROR [reactor-http-nio-2] c.l.handler.GatewayExceptionHandler [GatewayExceptionHandler.java : 58] ************ 网关异常处理，请求路径:/admin/admin/insertAdmin,异常信息:503 SERVICE_UNAVAILABLE "Unable to find instance for Blog-Admin" ************ 
2024-06-26 11:22:04,795 ERROR [reactor-http-nio-2] c.l.handler.GatewayExceptionHandler [GatewayExceptionHandler.java : 58] ************ 网关异常处理，请求路径:/admin/admin/insertAdmin,异常信息:503 SERVICE_UNAVAILABLE "Unable to find instance for Blog-Admin" ************ 
2024-06-26 11:22:05,615 ERROR [reactor-http-nio-2] c.l.handler.GatewayExceptionHandler [GatewayExceptionHandler.java : 58] ************ 网关异常处理，请求路径:/admin/admin/insertAdmin,异常信息:503 SERVICE_UNAVAILABLE "Unable to find instance for Blog-Admin" ************ 
2024-06-26 11:22:19,330 ERROR [reactor-http-nio-2] c.l.handler.GatewayExceptionHandler [GatewayExceptionHandler.java : 58] ************ 网关异常处理，请求路径:/admin/admin/deletedAdmin,异常信息:503 SERVICE_UNAVAILABLE "Unable to find instance for Blog-Admin" ************ 
2024-06-26 11:22:23,249 ERROR [reactor-http-nio-2] c.l.handler.GatewayExceptionHandler [GatewayExceptionHandler.java : 58] ************ 网关异常处理，请求路径:/admin/admin/pageQuery,异常信息:503 SERVICE_UNAVAILABLE "Unable to find instance for Blog-Admin" ************ 
2024-06-26 11:27:12,767 ERROR [DiscoveryClient-HeartbeatExecutor-0] c.n.d.s.t.d.RedirectingEurekaHttpClient [RedirectingEurekaHttpClient.java : 91] Request execution error. endpoint=DefaultEndpoint{ serviceUrl='http://localhost:8761/eureka/}
com.sun.jersey.api.client.ClientHandlerException: java.net.ConnectException: Connection refused: connect
	at com.sun.jersey.client.apache4.ApacheHttpClient4Handler.handle(ApacheHttpClient4Handler.java:187)
	at com.sun.jersey.api.client.filter.GZIPContentEncodingFilter.handle(GZIPContentEncodingFilter.java:123)
	at com.netflix.discovery.EurekaIdentityHeaderFilter.handle(EurekaIdentityHeaderFilter.java:27)
	at com.sun.jersey.api.client.Client.handle(Client.java:652)
	at com.sun.jersey.api.client.WebResource.handle(WebResource.java:682)
	at com.sun.jersey.api.client.WebResource.access$200(WebResource.java:74)
	at com.sun.jersey.api.client.WebResource$Builder.put(WebResource.java:529)
	at com.netflix.discovery.shared.transport.jersey.AbstractJerseyEurekaHttpClient.sendHeartBeat(AbstractJerseyEurekaHttpClient.java:103)
	at com.netflix.discovery.shared.transport.decorator.EurekaHttpClientDecorator$3.execute(EurekaHttpClientDecorator.java:92)
	at com.netflix.discovery.shared.transport.decorator.MetricsCollectingEurekaHttpClient.execute(MetricsCollectingEurekaHttpClient.java:73)
	at com.netflix.discovery.shared.transport.decorator.EurekaHttpClientDecorator.sendHeartBeat(EurekaHttpClientDecorator.java:89)
	at com.netflix.discovery.shared.transport.decorator.EurekaHttpClientDecorator$3.execute(EurekaHttpClientDecorator.java:92)
	at com.netflix.discovery.shared.transport.decorator.RedirectingEurekaHttpClient.execute(RedirectingEurekaHttpClient.java:89)
	at com.netflix.discovery.shared.transport.decorator.EurekaHttpClientDecorator.sendHeartBeat(EurekaHttpClientDecorator.java:89)
	at com.netflix.discovery.shared.transport.decorator.EurekaHttpClientDecorator$3.execute(EurekaHttpClientDecorator.java:92)
	at com.netflix.discovery.shared.transport.decorator.RetryableEurekaHttpClient.execute(RetryableEurekaHttpClient.java:120)
	at com.netflix.discovery.shared.transport.decorator.EurekaHttpClientDecorator.sendHeartBeat(EurekaHttpClientDecorator.java:89)
	at com.netflix.discovery.shared.transport.decorator.EurekaHttpClientDecorator$3.execute(EurekaHttpClientDecorator.java:92)
	at com.netflix.discovery.shared.transport.decorator.SessionedEurekaHttpClient.execute(SessionedEurekaHttpClient.java:77)
	at com.netflix.discovery.shared.transport.decorator.EurekaHttpClientDecorator.sendHeartBeat(EurekaHttpClientDecorator.java:89)
	at com.netflix.discovery.DiscoveryClient.renew(DiscoveryClient.java:890)
	at com.netflix.discovery.DiscoveryClient$HeartbeatThread.run(DiscoveryClient.java:1459)
	at java.util.concurrent.Executors$RunnableAdapter.call(Executors.java:511)
	at java.util.concurrent.FutureTask.run(FutureTask.java:266)
	at java.util.concurrent.ThreadPoolExecutor.runWorker(ThreadPoolExecutor.java:1149)
	at java.util.concurrent.ThreadPoolExecutor$Worker.run(ThreadPoolExecutor.java:624)
	at java.lang.Thread.run(Thread.java:748)
Caused by: java.net.ConnectException: Connection refused: connect
	at java.net.DualStackPlainSocketImpl.waitForConnect(Native Method)
	at java.net.DualStackPlainSocketImpl.socketConnect(DualStackPlainSocketImpl.java:85)
	at java.net.AbstractPlainSocketImpl.doConnect(AbstractPlainSocketImpl.java:350)
	at java.net.AbstractPlainSocketImpl.connectToAddress(AbstractPlainSocketImpl.java:206)
	at java.net.AbstractPlainSocketImpl.connect(AbstractPlainSocketImpl.java:188)
	at java.net.PlainSocketImpl.connect(PlainSocketImpl.java:172)
	at java.net.SocksSocketImpl.connect(SocksSocketImpl.java:392)
	at java.net.Socket.connect(Socket.java:589)
	at org.apache.http.conn.scheme.PlainSocketFactory.connectSocket(PlainSocketFactory.java:121)
	at org.apache.http.impl.conn.DefaultClientConnectionOperator.openConnection(DefaultClientConnectionOperator.java:180)
	at org.apache.http.impl.conn.AbstractPoolEntry.open(AbstractPoolEntry.java:144)
	at org.apache.http.impl.conn.AbstractPooledConnAdapter.open(AbstractPooledConnAdapter.java:134)
	at org.apache.http.impl.client.DefaultRequestDirector.tryConnect(DefaultRequestDirector.java:605)
	at org.apache.http.impl.client.DefaultRequestDirector.execute(DefaultRequestDirector.java:440)
	at org.apache.http.impl.client.AbstractHttpClient.doExecute(AbstractHttpClient.java:835)
	at org.apache.http.impl.client.CloseableHttpClient.execute(CloseableHttpClient.java:118)
	at org.apache.http.impl.client.CloseableHttpClient.execute(CloseableHttpClient.java:56)
	at com.sun.jersey.client.apache4.ApacheHttpClient4Handler.handle(ApacheHttpClient4Handler.java:173)
	... 26 common frames omitted
2024-06-26 11:27:16,335 ERROR [SpringContextShutdownHook] c.n.d.s.t.d.RedirectingEurekaHttpClient [RedirectingEurekaHttpClient.java : 91] Request execution error. endpoint=DefaultEndpoint{ serviceUrl='http://localhost:8761/eureka/}
com.sun.jersey.api.client.ClientHandlerException: java.net.ConnectException: Connection refused: connect
	at com.sun.jersey.client.apache4.ApacheHttpClient4Handler.handle(ApacheHttpClient4Handler.java:187)
	at com.sun.jersey.api.client.filter.GZIPContentEncodingFilter.handle(GZIPContentEncodingFilter.java:123)
	at com.netflix.discovery.EurekaIdentityHeaderFilter.handle(EurekaIdentityHeaderFilter.java:27)
	at com.sun.jersey.api.client.Client.handle(Client.java:652)
	at com.sun.jersey.api.client.WebResource.handle(WebResource.java:682)
	at com.sun.jersey.api.client.WebResource.access$200(WebResource.java:74)
	at com.sun.jersey.api.client.WebResource$Builder.delete(WebResource.java:591)
	at com.netflix.discovery.shared.transport.jersey.AbstractJerseyEurekaHttpClient.cancel(AbstractJerseyEurekaHttpClient.java:77)
	at com.netflix.discovery.shared.transport.decorator.EurekaHttpClientDecorator$2.execute(EurekaHttpClientDecorator.java:74)
	at com.netflix.discovery.shared.transport.decorator.MetricsCollectingEurekaHttpClient.execute(MetricsCollectingEurekaHttpClient.java:73)
	at com.netflix.discovery.shared.transport.decorator.EurekaHttpClientDecorator.cancel(EurekaHttpClientDecorator.java:71)
	at com.netflix.discovery.shared.transport.decorator.EurekaHttpClientDecorator$2.execute(EurekaHttpClientDecorator.java:74)
	at com.netflix.discovery.shared.transport.decorator.RedirectingEurekaHttpClient.execute(RedirectingEurekaHttpClient.java:89)
	at com.netflix.discovery.shared.transport.decorator.EurekaHttpClientDecorator.cancel(EurekaHttpClientDecorator.java:71)
	at com.netflix.discovery.shared.transport.decorator.EurekaHttpClientDecorator$2.execute(EurekaHttpClientDecorator.java:74)
	at com.netflix.discovery.shared.transport.decorator.RetryableEurekaHttpClient.execute(RetryableEurekaHttpClient.java:120)
	at com.netflix.discovery.shared.transport.decorator.EurekaHttpClientDecorator.cancel(EurekaHttpClientDecorator.java:71)
	at com.netflix.discovery.shared.transport.decorator.EurekaHttpClientDecorator$2.execute(EurekaHttpClientDecorator.java:74)
	at com.netflix.discovery.shared.transport.decorator.SessionedEurekaHttpClient.execute(SessionedEurekaHttpClient.java:77)
	at com.netflix.discovery.shared.transport.decorator.EurekaHttpClientDecorator.cancel(EurekaHttpClientDecorator.java:71)
	at com.netflix.discovery.DiscoveryClient.unregister(DiscoveryClient.java:969)
	at com.netflix.discovery.DiscoveryClient.shutdown(DiscoveryClient.java:945)
	at sun.reflect.NativeMethodAccessorImpl.invoke0(Native Method)
	at sun.reflect.NativeMethodAccessorImpl.invoke(NativeMethodAccessorImpl.java:62)
	at sun.reflect.DelegatingMethodAccessorImpl.invoke(DelegatingMethodAccessorImpl.java:43)
	at java.lang.reflect.Method.invoke(Method.java:498)
	at org.springframework.beans.factory.annotation.InitDestroyAnnotationBeanPostProcessor$LifecycleElement.invoke(InitDestroyAnnotationBeanPostProcessor.java:389)
	at org.springframework.beans.factory.annotation.InitDestroyAnnotationBeanPostProcessor$LifecycleMetadata.invokeDestroyMethods(InitDestroyAnnotationBeanPostProcessor.java:347)
	at org.springframework.beans.factory.annotation.InitDestroyAnnotationBeanPostProcessor.postProcessBeforeDestruction(InitDestroyAnnotationBeanPostProcessor.java:177)
	at org.springframework.beans.factory.support.DisposableBeanAdapter.destroy(DisposableBeanAdapter.java:242)
	at org.springframework.beans.factory.support.DisposableBeanAdapter.run(DisposableBeanAdapter.java:235)
	at org.springframework.cloud.context.scope.GenericScope$BeanLifecycleWrapper.destroy(GenericScope.java:403)
	at org.springframework.cloud.context.scope.GenericScope.destroy(GenericScope.java:142)
	at org.springframework.beans.factory.support.DisposableBeanAdapter.destroy(DisposableBeanAdapter.java:258)
	at org.springframework.beans.factory.support.DefaultSingletonBeanRegistry.destroyBean(DefaultSingletonBeanRegistry.java:579)
	at org.springframework.beans.factory.support.DefaultSingletonBeanRegistry.destroySingleton(DefaultSingletonBeanRegistry.java:551)
	at org.springframework.beans.factory.support.DefaultListableBeanFactory.destroySingleton(DefaultListableBeanFactory.java:1091)
	at org.springframework.beans.factory.support.DefaultSingletonBeanRegistry.destroySingletons(DefaultSingletonBeanRegistry.java:512)
	at org.springframework.beans.factory.support.DefaultListableBeanFactory.destroySingletons(DefaultListableBeanFactory.java:1084)
	at org.springframework.context.support.AbstractApplicationContext.destroyBeans(AbstractApplicationContext.java:1060)
	at org.springframework.context.support.AbstractApplicationContext.doClose(AbstractApplicationContext.java:1029)
	at org.springframework.context.support.AbstractApplicationContext$1.run(AbstractApplicationContext.java:948)
Caused by: java.net.ConnectException: Connection refused: connect
	at java.net.DualStackPlainSocketImpl.waitForConnect(Native Method)
	at java.net.DualStackPlainSocketImpl.socketConnect(DualStackPlainSocketImpl.java:85)
	at java.net.AbstractPlainSocketImpl.doConnect(AbstractPlainSocketImpl.java:350)
	at java.net.AbstractPlainSocketImpl.connectToAddress(AbstractPlainSocketImpl.java:206)
	at java.net.AbstractPlainSocketImpl.connect(AbstractPlainSocketImpl.java:188)
	at java.net.PlainSocketImpl.connect(PlainSocketImpl.java:172)
	at java.net.SocksSocketImpl.connect(SocksSocketImpl.java:392)
	at java.net.Socket.connect(Socket.java:589)
	at org.apache.http.conn.scheme.PlainSocketFactory.connectSocket(PlainSocketFactory.java:121)
	at org.apache.http.impl.conn.DefaultClientConnectionOperator.openConnection(DefaultClientConnectionOperator.java:180)
	at org.apache.http.impl.conn.AbstractPoolEntry.open(AbstractPoolEntry.java:144)
	at org.apache.http.impl.conn.AbstractPooledConnAdapter.open(AbstractPooledConnAdapter.java:134)
	at org.apache.http.impl.client.DefaultRequestDirector.tryConnect(DefaultRequestDirector.java:605)
	at org.apache.http.impl.client.DefaultRequestDirector.execute(DefaultRequestDirector.java:440)
	at org.apache.http.impl.client.AbstractHttpClient.doExecute(AbstractHttpClient.java:835)
	at org.apache.http.impl.client.CloseableHttpClient.execute(CloseableHttpClient.java:118)
	at org.apache.http.impl.client.CloseableHttpClient.execute(CloseableHttpClient.java:56)
	at com.sun.jersey.client.apache4.ApacheHttpClient4Handler.handle(ApacheHttpClient4Handler.java:173)
	... 41 common frames omitted
2024-06-26 11:27:16,841 ERROR [DiscoveryClient-HeartbeatExecutor-0] c.n.d.s.t.d.RedirectingEurekaHttpClient [RedirectingEurekaHttpClient.java : 83] Request execution error. endpoint=DefaultEndpoint{ serviceUrl='http://localhost:8761/eureka/}
com.sun.jersey.api.client.ClientHandlerException: java.net.ConnectException: Connection refused: connect
	at com.sun.jersey.client.apache4.ApacheHttpClient4Handler.handle(ApacheHttpClient4Handler.java:187)
	at com.sun.jersey.api.client.filter.GZIPContentEncodingFilter.handle(GZIPContentEncodingFilter.java:123)
	at com.netflix.discovery.EurekaIdentityHeaderFilter.handle(EurekaIdentityHeaderFilter.java:27)
	at com.sun.jersey.api.client.Client.handle(Client.java:652)
	at com.sun.jersey.api.client.WebResource.handle(WebResource.java:682)
	at com.sun.jersey.api.client.WebResource.access$200(WebResource.java:74)
	at com.sun.jersey.api.client.WebResource$Builder.put(WebResource.java:529)
	at com.netflix.discovery.shared.transport.jersey.AbstractJerseyEurekaHttpClient.sendHeartBeat(AbstractJerseyEurekaHttpClient.java:103)
	at com.netflix.discovery.shared.transport.decorator.EurekaHttpClientDecorator$3.execute(EurekaHttpClientDecorator.java:92)
	at com.netflix.discovery.shared.transport.decorator.MetricsCollectingEurekaHttpClient.execute(MetricsCollectingEurekaHttpClient.java:73)
	at com.netflix.discovery.shared.transport.decorator.EurekaHttpClientDecorator.sendHeartBeat(EurekaHttpClientDecorator.java:89)
	at com.netflix.discovery.shared.transport.decorator.EurekaHttpClientDecorator$3.execute(EurekaHttpClientDecorator.java:92)
	at com.netflix.discovery.shared.transport.decorator.RedirectingEurekaHttpClient.executeOnNewServer(RedirectingEurekaHttpClient.java:118)
	at com.netflix.discovery.shared.transport.decorator.RedirectingEurekaHttpClient.execute(RedirectingEurekaHttpClient.java:79)
	at com.netflix.discovery.shared.transport.decorator.EurekaHttpClientDecorator.sendHeartBeat(EurekaHttpClientDecorator.java:89)
	at com.netflix.discovery.shared.transport.decorator.EurekaHttpClientDecorator$3.execute(EurekaHttpClientDecorator.java:92)
	at com.netflix.discovery.shared.transport.decorator.RetryableEurekaHttpClient.execute(RetryableEurekaHttpClient.java:120)
	at com.netflix.discovery.shared.transport.decorator.EurekaHttpClientDecorator.sendHeartBeat(EurekaHttpClientDecorator.java:89)
	at com.netflix.discovery.shared.transport.decorator.EurekaHttpClientDecorator$3.execute(EurekaHttpClientDecorator.java:92)
	at com.netflix.discovery.shared.transport.decorator.SessionedEurekaHttpClient.execute(SessionedEurekaHttpClient.java:77)
	at com.netflix.discovery.shared.transport.decorator.EurekaHttpClientDecorator.sendHeartBeat(EurekaHttpClientDecorator.java:89)
	at com.netflix.discovery.DiscoveryClient.renew(DiscoveryClient.java:890)
	at com.netflix.discovery.DiscoveryClient$HeartbeatThread.run(DiscoveryClient.java:1459)
	at java.util.concurrent.Executors$RunnableAdapter.call(Executors.java:511)
	at java.util.concurrent.FutureTask.run(FutureTask.java:266)
	at java.util.concurrent.ThreadPoolExecutor.runWorker(ThreadPoolExecutor.java:1149)
	at java.util.concurrent.ThreadPoolExecutor$Worker.run(ThreadPoolExecutor.java:624)
	at java.lang.Thread.run(Thread.java:748)
Caused by: java.net.ConnectException: Connection refused: connect
	at java.net.DualStackPlainSocketImpl.waitForConnect(Native Method)
	at java.net.DualStackPlainSocketImpl.socketConnect(DualStackPlainSocketImpl.java:85)
	at java.net.AbstractPlainSocketImpl.doConnect(AbstractPlainSocketImpl.java:350)
	at java.net.AbstractPlainSocketImpl.connectToAddress(AbstractPlainSocketImpl.java:206)
	at java.net.AbstractPlainSocketImpl.connect(AbstractPlainSocketImpl.java:188)
	at java.net.PlainSocketImpl.connect(PlainSocketImpl.java:172)
	at java.net.SocksSocketImpl.connect(SocksSocketImpl.java:392)
	at java.net.Socket.connect(Socket.java:589)
	at org.apache.http.conn.scheme.PlainSocketFactory.connectSocket(PlainSocketFactory.java:121)
	at org.apache.http.impl.conn.DefaultClientConnectionOperator.openConnection(DefaultClientConnectionOperator.java:180)
	at org.apache.http.impl.conn.AbstractPoolEntry.open(AbstractPoolEntry.java:144)
	at org.apache.http.impl.conn.AbstractPooledConnAdapter.open(AbstractPooledConnAdapter.java:134)
	at org.apache.http.impl.client.DefaultRequestDirector.tryConnect(DefaultRequestDirector.java:605)
	at org.apache.http.impl.client.DefaultRequestDirector.execute(DefaultRequestDirector.java:440)
	at org.apache.http.impl.client.AbstractHttpClient.doExecute(AbstractHttpClient.java:835)
	at org.apache.http.impl.client.CloseableHttpClient.execute(CloseableHttpClient.java:118)
	at org.apache.http.impl.client.CloseableHttpClient.execute(CloseableHttpClient.java:56)
	at com.sun.jersey.client.apache4.ApacheHttpClient4Handler.handle(ApacheHttpClient4Handler.java:173)
	... 27 common frames omitted
2024-06-26 11:27:16,842 ERROR [DiscoveryClient-HeartbeatExecutor-0] c.netflix.discovery.DiscoveryClient [DiscoveryClient.java : 904] DiscoveryClient_BLOG-GATEWAY/blogGateway - was unable to send heartbeat!
com.netflix.discovery.shared.transport.TransportException: Cannot execute request on any known server
	at com.netflix.discovery.shared.transport.decorator.RetryableEurekaHttpClient.execute(RetryableEurekaHttpClient.java:112)
	at com.netflix.discovery.shared.transport.decorator.EurekaHttpClientDecorator.sendHeartBeat(EurekaHttpClientDecorator.java:89)
	at com.netflix.discovery.shared.transport.decorator.EurekaHttpClientDecorator$3.execute(EurekaHttpClientDecorator.java:92)
	at com.netflix.discovery.shared.transport.decorator.SessionedEurekaHttpClient.execute(SessionedEurekaHttpClient.java:77)
	at com.netflix.discovery.shared.transport.decorator.EurekaHttpClientDecorator.sendHeartBeat(EurekaHttpClientDecorator.java:89)
	at com.netflix.discovery.DiscoveryClient.renew(DiscoveryClient.java:890)
	at com.netflix.discovery.DiscoveryClient$HeartbeatThread.run(DiscoveryClient.java:1459)
	at java.util.concurrent.Executors$RunnableAdapter.call(Executors.java:511)
	at java.util.concurrent.FutureTask.run(FutureTask.java:266)
	at java.util.concurrent.ThreadPoolExecutor.runWorker(ThreadPoolExecutor.java:1149)
	at java.util.concurrent.ThreadPoolExecutor$Worker.run(ThreadPoolExecutor.java:624)
	at java.lang.Thread.run(Thread.java:748)
2024-06-26 11:27:20,403 ERROR [SpringContextShutdownHook] c.n.d.s.t.d.RedirectingEurekaHttpClient [RedirectingEurekaHttpClient.java : 83] Request execution error. endpoint=DefaultEndpoint{ serviceUrl='http://localhost:8761/eureka/}
com.sun.jersey.api.client.ClientHandlerException: java.net.ConnectException: Connection refused: connect
	at com.sun.jersey.client.apache4.ApacheHttpClient4Handler.handle(ApacheHttpClient4Handler.java:187)
	at com.sun.jersey.api.client.filter.GZIPContentEncodingFilter.handle(GZIPContentEncodingFilter.java:123)
	at com.netflix.discovery.EurekaIdentityHeaderFilter.handle(EurekaIdentityHeaderFilter.java:27)
	at com.sun.jersey.api.client.Client.handle(Client.java:652)
	at com.sun.jersey.api.client.WebResource.handle(WebResource.java:682)
	at com.sun.jersey.api.client.WebResource.access$200(WebResource.java:74)
	at com.sun.jersey.api.client.WebResource$Builder.delete(WebResource.java:591)
	at com.netflix.discovery.shared.transport.jersey.AbstractJerseyEurekaHttpClient.cancel(AbstractJerseyEurekaHttpClient.java:77)
	at com.netflix.discovery.shared.transport.decorator.EurekaHttpClientDecorator$2.execute(EurekaHttpClientDecorator.java:74)
	at com.netflix.discovery.shared.transport.decorator.MetricsCollectingEurekaHttpClient.execute(MetricsCollectingEurekaHttpClient.java:73)
	at com.netflix.discovery.shared.transport.decorator.EurekaHttpClientDecorator.cancel(EurekaHttpClientDecorator.java:71)
	at com.netflix.discovery.shared.transport.decorator.EurekaHttpClientDecorator$2.execute(EurekaHttpClientDecorator.java:74)
	at com.netflix.discovery.shared.transport.decorator.RedirectingEurekaHttpClient.executeOnNewServer(RedirectingEurekaHttpClient.java:118)
	at com.netflix.discovery.shared.transport.decorator.RedirectingEurekaHttpClient.execute(RedirectingEurekaHttpClient.java:79)
	at com.netflix.discovery.shared.transport.decorator.EurekaHttpClientDecorator.cancel(EurekaHttpClientDecorator.java:71)
	at com.netflix.discovery.shared.transport.decorator.EurekaHttpClientDecorator$2.execute(EurekaHttpClientDecorator.java:74)
	at com.netflix.discovery.shared.transport.decorator.RetryableEurekaHttpClient.execute(RetryableEurekaHttpClient.java:120)
	at com.netflix.discovery.shared.transport.decorator.EurekaHttpClientDecorator.cancel(EurekaHttpClientDecorator.java:71)
	at com.netflix.discovery.shared.transport.decorator.EurekaHttpClientDecorator$2.execute(EurekaHttpClientDecorator.java:74)
	at com.netflix.discovery.shared.transport.decorator.SessionedEurekaHttpClient.execute(SessionedEurekaHttpClient.java:77)
	at com.netflix.discovery.shared.transport.decorator.EurekaHttpClientDecorator.cancel(EurekaHttpClientDecorator.java:71)
	at com.netflix.discovery.DiscoveryClient.unregister(DiscoveryClient.java:969)
	at com.netflix.discovery.DiscoveryClient.shutdown(DiscoveryClient.java:945)
	at sun.reflect.NativeMethodAccessorImpl.invoke0(Native Method)
	at sun.reflect.NativeMethodAccessorImpl.invoke(NativeMethodAccessorImpl.java:62)
	at sun.reflect.DelegatingMethodAccessorImpl.invoke(DelegatingMethodAccessorImpl.java:43)
	at java.lang.reflect.Method.invoke(Method.java:498)
	at org.springframework.beans.factory.annotation.InitDestroyAnnotationBeanPostProcessor$LifecycleElement.invoke(InitDestroyAnnotationBeanPostProcessor.java:389)
	at org.springframework.beans.factory.annotation.InitDestroyAnnotationBeanPostProcessor$LifecycleMetadata.invokeDestroyMethods(InitDestroyAnnotationBeanPostProcessor.java:347)
	at org.springframework.beans.factory.annotation.InitDestroyAnnotationBeanPostProcessor.postProcessBeforeDestruction(InitDestroyAnnotationBeanPostProcessor.java:177)
	at org.springframework.beans.factory.support.DisposableBeanAdapter.destroy(DisposableBeanAdapter.java:242)
	at org.springframework.beans.factory.support.DisposableBeanAdapter.run(DisposableBeanAdapter.java:235)
	at org.springframework.cloud.context.scope.GenericScope$BeanLifecycleWrapper.destroy(GenericScope.java:403)
	at org.springframework.cloud.context.scope.GenericScope.destroy(GenericScope.java:142)
	at org.springframework.beans.factory.support.DisposableBeanAdapter.destroy(DisposableBeanAdapter.java:258)
	at org.springframework.beans.factory.support.DefaultSingletonBeanRegistry.destroyBean(DefaultSingletonBeanRegistry.java:579)
	at org.springframework.beans.factory.support.DefaultSingletonBeanRegistry.destroySingleton(DefaultSingletonBeanRegistry.java:551)
	at org.springframework.beans.factory.support.DefaultListableBeanFactory.destroySingleton(DefaultListableBeanFactory.java:1091)
	at org.springframework.beans.factory.support.DefaultSingletonBeanRegistry.destroySingletons(DefaultSingletonBeanRegistry.java:512)
	at org.springframework.beans.factory.support.DefaultListableBeanFactory.destroySingletons(DefaultListableBeanFactory.java:1084)
	at org.springframework.context.support.AbstractApplicationContext.destroyBeans(AbstractApplicationContext.java:1060)
	at org.springframework.context.support.AbstractApplicationContext.doClose(AbstractApplicationContext.java:1029)
	at org.springframework.context.support.AbstractApplicationContext$1.run(AbstractApplicationContext.java:948)
Caused by: java.net.ConnectException: Connection refused: connect
	at java.net.DualStackPlainSocketImpl.waitForConnect(Native Method)
	at java.net.DualStackPlainSocketImpl.socketConnect(DualStackPlainSocketImpl.java:85)
	at java.net.AbstractPlainSocketImpl.doConnect(AbstractPlainSocketImpl.java:350)
	at java.net.AbstractPlainSocketImpl.connectToAddress(AbstractPlainSocketImpl.java:206)
	at java.net.AbstractPlainSocketImpl.connect(AbstractPlainSocketImpl.java:188)
	at java.net.PlainSocketImpl.connect(PlainSocketImpl.java:172)
	at java.net.SocksSocketImpl.connect(SocksSocketImpl.java:392)
	at java.net.Socket.connect(Socket.java:589)
	at org.apache.http.conn.scheme.PlainSocketFactory.connectSocket(PlainSocketFactory.java:121)
	at org.apache.http.impl.conn.DefaultClientConnectionOperator.openConnection(DefaultClientConnectionOperator.java:180)
	at org.apache.http.impl.conn.AbstractPoolEntry.open(AbstractPoolEntry.java:144)
	at org.apache.http.impl.conn.AbstractPooledConnAdapter.open(AbstractPooledConnAdapter.java:134)
	at org.apache.http.impl.client.DefaultRequestDirector.tryConnect(DefaultRequestDirector.java:605)
	at org.apache.http.impl.client.DefaultRequestDirector.execute(DefaultRequestDirector.java:440)
	at org.apache.http.impl.client.AbstractHttpClient.doExecute(AbstractHttpClient.java:835)
	at org.apache.http.impl.client.CloseableHttpClient.execute(CloseableHttpClient.java:118)
	at org.apache.http.impl.client.CloseableHttpClient.execute(CloseableHttpClient.java:56)
	at com.sun.jersey.client.apache4.ApacheHttpClient4Handler.handle(ApacheHttpClient4Handler.java:173)
	... 42 common frames omitted
2024-06-26 11:27:20,404 ERROR [SpringContextShutdownHook] c.netflix.discovery.DiscoveryClient [DiscoveryClient.java : 972] DiscoveryClient_BLOG-GATEWAY/blogGateway - de-registration failedCannot execute request on any known server
com.netflix.discovery.shared.transport.TransportException: Cannot execute request on any known server
	at com.netflix.discovery.shared.transport.decorator.RetryableEurekaHttpClient.execute(RetryableEurekaHttpClient.java:112)
	at com.netflix.discovery.shared.transport.decorator.EurekaHttpClientDecorator.cancel(EurekaHttpClientDecorator.java:71)
	at com.netflix.discovery.shared.transport.decorator.EurekaHttpClientDecorator$2.execute(EurekaHttpClientDecorator.java:74)
	at com.netflix.discovery.shared.transport.decorator.SessionedEurekaHttpClient.execute(SessionedEurekaHttpClient.java:77)
	at com.netflix.discovery.shared.transport.decorator.EurekaHttpClientDecorator.cancel(EurekaHttpClientDecorator.java:71)
	at com.netflix.discovery.DiscoveryClient.unregister(DiscoveryClient.java:969)
	at com.netflix.discovery.DiscoveryClient.shutdown(DiscoveryClient.java:945)
	at sun.reflect.NativeMethodAccessorImpl.invoke0(Native Method)
	at sun.reflect.NativeMethodAccessorImpl.invoke(NativeMethodAccessorImpl.java:62)
	at sun.reflect.DelegatingMethodAccessorImpl.invoke(DelegatingMethodAccessorImpl.java:43)
	at java.lang.reflect.Method.invoke(Method.java:498)
	at org.springframework.beans.factory.annotation.InitDestroyAnnotationBeanPostProcessor$LifecycleElement.invoke(InitDestroyAnnotationBeanPostProcessor.java:389)
	at org.springframework.beans.factory.annotation.InitDestroyAnnotationBeanPostProcessor$LifecycleMetadata.invokeDestroyMethods(InitDestroyAnnotationBeanPostProcessor.java:347)
	at org.springframework.beans.factory.annotation.InitDestroyAnnotationBeanPostProcessor.postProcessBeforeDestruction(InitDestroyAnnotationBeanPostProcessor.java:177)
	at org.springframework.beans.factory.support.DisposableBeanAdapter.destroy(DisposableBeanAdapter.java:242)
	at org.springframework.beans.factory.support.DisposableBeanAdapter.run(DisposableBeanAdapter.java:235)
	at org.springframework.cloud.context.scope.GenericScope$BeanLifecycleWrapper.destroy(GenericScope.java:403)
	at org.springframework.cloud.context.scope.GenericScope.destroy(GenericScope.java:142)
	at org.springframework.beans.factory.support.DisposableBeanAdapter.destroy(DisposableBeanAdapter.java:258)
	at org.springframework.beans.factory.support.DefaultSingletonBeanRegistry.destroyBean(DefaultSingletonBeanRegistry.java:579)
	at org.springframework.beans.factory.support.DefaultSingletonBeanRegistry.destroySingleton(DefaultSingletonBeanRegistry.java:551)
	at org.springframework.beans.factory.support.DefaultListableBeanFactory.destroySingleton(DefaultListableBeanFactory.java:1091)
	at org.springframework.beans.factory.support.DefaultSingletonBeanRegistry.destroySingletons(DefaultSingletonBeanRegistry.java:512)
	at org.springframework.beans.factory.support.DefaultListableBeanFactory.destroySingletons(DefaultListableBeanFactory.java:1084)
	at org.springframework.context.support.AbstractApplicationContext.destroyBeans(AbstractApplicationContext.java:1060)
	at org.springframework.context.support.AbstractApplicationContext.doClose(AbstractApplicationContext.java:1029)
	at org.springframework.context.support.AbstractApplicationContext$1.run(AbstractApplicationContext.java:948)
